<?xml version="1.0" encoding="UTF-8"?>
<!-- Generated by org.testng.reporters.JUnitReportReporter -->
<testsuite skipped="0" hostname="Arun-PC" name="com.restAssue.pract.JsonSchmaValidaUseNetorkNT19" tests="1" failures="0" timestamp="19 May 2025 17:21:16 GMT" time="0.797" errors="0">
  <testcase name="JsonSchemaValidate" time="0.797" classname="com.restAssue.pract.JsonSchmaValidaUseNetorkNT19"/>
</testsuite> <!-- com.restAssue.pract.JsonSchmaValidaUseNetorkNT19 -->
