<?xml version="1.0" encoding="UTF-8"?>
<!-- Generated by org.testng.reporters.JUnitReportReporter -->
<testsuite skipped="1" hostname="Arun-PC" name="com.restAssue.pract.JsonSchemaValidat17_18" tests="2" failures="0" timestamp="19 May 2025 17:09:54 GMT" time="3.947" errors="0">
  <testcase name="jsonschmaValidationwithoutClasspath" time="3.947" classname="com.restAssue.pract.JsonSchemaValidat17_18"/>
  <testcase name="jsonschmaValidation" classname="com.restAssue.pract.JsonSchemaValidat17_18">
    <skipped/>
  </testcase> <!-- jsonschmaValidation -->
</testsuite> <!-- com.restAssue.pract.JsonSchemaValidat17_18 -->
