<?xml version="1.0" encoding="UTF-8"?>
<!-- Generated by org.testng.reporters.JUnitReportReporter -->
<testsuite skipped="4" hostname="Arun-PC" name="com.restAssue.pract.GetAllDataBDDStyle2" tests="5" failures="0" timestamp="27 Apr 2024 17:05:30 GMT" time="2.948" errors="0">
  <testcase name="postDatainBDDformatfile" time="2.948" classname="com.restAssue.pract.GetAllDataBDDStyle2"/>
  <testcase name="deleteDatainBddformat" classname="com.restAssue.pract.GetAllDataBDDStyle2">
    <skipped/>
  </testcase> <!-- deleteDatainBddformat -->
  <testcase name="putDatainBddformat" classname="com.restAssue.pract.GetAllDataBDDStyle2">
    <skipped/>
  </testcase> <!-- putDatainBddformat -->
  <testcase name="getAlldataBDDformat" classname="com.restAssue.pract.GetAllDataBDDStyle2">
    <skipped/>
  </testcase> <!-- getAlldataBDDformat -->
  <testcase name="postDatainBDDformat" classname="com.restAssue.pract.GetAllDataBDDStyle2">
    <skipped/>
  </testcase> <!-- postDatainBDDformat -->
</testsuite> <!-- com.restAssue.pract.GetAllDataBDDStyle2 -->
