<?xml version="1.0" encoding="UTF-8"?>
<!-- Generated by org.testng.reporters.JUnitReportReporter -->
<testsuite skipped="0" hostname="Arun-PC" name="com.restAssue.pract.JsonSchmaValidaUseHamCrest20" tests="1" failures="0" timestamp="29 Apr 2024 17:55:30 GMT" time="1.307" errors="0">
  <testcase name="HamCresetMethod" time="1.307" classname="com.restAssue.pract.JsonSchmaValidaUseHamCrest20"/>
</testsuite> <!-- com.restAssue.pract.JsonSchmaValidaUseHamCrest20 -->
