<?xml version="1.0" encoding="UTF-8"?>
<!-- Generated by org.testng.reporters.JUnitReportReporter -->
<testsuite skipped="0" hostname="Arun-PC" name="com.restAssue.pract.BasicAuthExamplee" tests="1" failures="0" timestamp="22 Jul 2025 03:51:53 GMT" time="6.788" errors="0">
  <testcase name="getAlldataBDDformat" time="6.788" classname="com.restAssue.pract.BasicAuthExamplee"/>
</testsuite> <!-- com.restAssue.pract.BasicAuthExamplee -->
