<?xml version="1.0" encoding="UTF-8"?>
<!-- Generated by org.testng.reporters.JUnitReportReporter -->
<testsuite skipped="0" hostname="Arun-PC" name="com.restAssue.pract.JsonSchmaValidaUseNetorkNT19" tests="1" failures="0" timestamp="29 Apr 2024 17:34:50 GMT" time="0.849" errors="0">
  <testcase name="JsonSchemaValidate" time="0.849" classname="com.restAssue.pract.JsonSchmaValidaUseNetorkNT19"/>
</testsuite> <!-- com.restAssue.pract.JsonSchmaValidaUseNetorkNT19 -->
