<?xml version="1.0" encoding="UTF-8"?>
<!-- Generated by org.testng.reporters.JUnitReportReporter -->
<testsuite skipped="0" hostname="Arun-PC" name="com.restAssue.pract.RequestSpecificationExamples45" tests="3" failures="0" timestamp="19 Jul 2025 18:19:04 GMT" time="2.107" errors="0">
  <testcase name="getspecificdataBDDformat" time="0.095" classname="com.restAssue.pract.RequestSpecificationExamples45"/>
  <testcase name="postDatainBDDformat" time="0.094" classname="com.restAssue.pract.RequestSpecificationExamples45"/>
  <testcase name="getAlldataBDDformat" time="1.918" classname="com.restAssue.pract.RequestSpecificationExamples45"/>
</testsuite> <!-- com.restAssue.pract.RequestSpecificationExamples45 -->
