<?xml version="1.0" encoding="UTF-8"?>
<!-- Generated by org.testng.reporters.JUnitReportReporter -->
<testsuite skipped="3" hostname="Arun-PC" name="com.restAssue.pract.GetAllData" tests="4" failures="0" timestamp="27 Apr 2024 12:05:32 GMT" time="2.935" errors="0">
  <testcase name="deleteaId" time="2.935" classname="com.restAssue.pract.GetAllData"/>
  <testcase name="getAllStudData" classname="com.restAssue.pract.GetAllData">
    <skipped/>
  </testcase> <!-- getAllStudData -->
  <testcase name="updateStudent" classname="com.restAssue.pract.GetAllData">
    <skipped/>
  </testcase> <!-- updateStudent -->
  <testcase name="creatAnemployee" classname="com.restAssue.pract.GetAllData">
    <skipped/>
  </testcase> <!-- creatAnemployee -->
</testsuite> <!-- com.restAssue.pract.GetAllData -->
