<?xml version="1.0" encoding="UTF-8"?>
<!-- Generated by org.testng.reporters.JUnitReportReporter -->
<testsuite skipped="0" hostname="Arun-PC" name="com.restAssue.pract.BasicAuthExamplee48" tests="1" failures="0" timestamp="22 Jul 2025 03:53:15 GMT" time="8.085" errors="0">
  <testcase name="getAlldataBDDformat" time="8.085" classname="com.restAssue.pract.BasicAuthExamplee48"/>
</testsuite> <!-- com.restAssue.pract.BasicAuthExamplee48 -->
