<?xml version="1.0" encoding="UTF-8"?>
<!-- Generated by org.testng.reporters.JUnitReportReporter -->
<testsuite skipped="0" hostname="Arun-PC" name="com.restAssue.pract.PostDataUsedJaskson" tests="1" failures="0" timestamp="28 Apr 2024 06:37:26 GMT" time="3.885" errors="0">
  <testcase name="postDatauseJackson" time="3.885" classname="com.restAssue.pract.PostDataUsedJaskson"/>
</testsuite> <!-- com.restAssue.pract.PostDataUsedJaskson -->
