<?xml version="1.0" encoding="UTF-8"?>
<!-- Generated by org.testng.reporters.JUnitReportReporter -->
<testsuite skipped="0" hostname="Arun-PC" name="com.restAssue.pract.GetAllData" tests="1" failures="0" timestamp="27 Apr 2024 03:25:33 GMT" time="3.839" errors="0">
  <testcase name="getAllStudData" time="3.839" classname="com.restAssue.pract.GetAllData"/>
</testsuite> <!-- com.restAssue.pract.GetAllData -->
