<?xml version="1.0" encoding="UTF-8"?>
<!-- Generated by org.testng.reporters.JUnitReportReporter -->
<testsuite skipped="3" hostname="Arun-PC" name="com.restAssue.pract.GetAllData2_5" tests="4" failures="0" timestamp="18 May 2025 15:49:12 GMT" time="6.076" errors="0">
  <testcase name="deleteaId" time="6.076" classname="com.restAssue.pract.GetAllData2_5"/>
  <testcase name="creatAnemployee" classname="com.restAssue.pract.GetAllData2_5">
    <skipped/>
  </testcase> <!-- creatAnemployee -->
  <testcase name="getAllStudData" classname="com.restAssue.pract.GetAllData2_5">
    <skipped/>
  </testcase> <!-- getAllStudData -->
  <testcase name="updateStudent" classname="com.restAssue.pract.GetAllData2_5">
    <skipped/>
  </testcase> <!-- updateStudent -->
</testsuite> <!-- com.restAssue.pract.GetAllData2_5 -->
